<?xml version="1.0" encoding="utf-8"?><testsuites name="pytest tests"><testsuite name="pytest" errors="0" failures="0" skipped="0" tests="21" time="5.229" timestamp="2026-08-15T11:38:13.382886+00:00" hostname="agent-env-bc6cae46-7e2a-47d4-8236-cd351253ea83"><testcase classname="tests.test_zyra_iteration2" name="test_admin_role_and_perms" time="1.446" /><testcase classname="tests.test_zyra_iteration2" name="test_editor_perms" time="0.000" /><testcase classname="tests.test_zyra_iteration2" name="test_viewer_perms" time="0.000" /><testcase classname="tests.test_zyra_iteration2" name="test_tailor_perms" time="0.000" /><testcase classname="tests.test_zyra_iteration2" name="test_unauthenticated_admin_calls_401" time="0.380" /><testcase classname="tests.test_zyra_iteration2" name="test_editor_no_team_view" time="0.102" /><testcase classname="tests.test_zyra_iteration2" name="test_viewer_write_forbidden" time="0.238" /><testcase classname="tests.test_zyra_iteration2" name="test_tailor_cannot_read_leads" time="0.084" /><testcase classname="tests.test_zyra_iteration2" name="test_tailor_can_read_own_bookings" time="0.131" /><testcase classname="tests.test_zyra_iteration2" name="test_lead_persistence_and_source_status" time="0.139" /><testcase classname="tests.test_zyra_iteration2" name="test_leads_endpoint_does_not_accept_recipient_or_html" time="0.069" /><testcase classname="tests.test_zyra_iteration2" name="test_cms_create_and_update_publish" time="0.249" /><testcase classname="tests.test_zyra_iteration2" name="test_cms_reorder" time="0.080" /><testcase classname="tests.test_zyra_iteration2" name="test_cms_editor_can_write_but_viewer_cannot" time="0.143" /><testcase classname="tests.test_zyra_iteration2" name="test_cms_bulk_import_idempotent" time="0.149" /><testcase classname="tests.test_zyra_iteration2" name="test_cms_delete" time="0.096" /><testcase classname="tests.test_zyra_iteration2" name="test_tailoring_options_and_slots" time="0.149" /><testcase classname="tests.test_zyra_iteration2" name="test_booking_happy_path_and_409_on_bad_slot" time="0.240" /><testcase classname="tests.test_zyra_iteration2" name="test_tailor_accept_flow" time="0.433" /><testcase classname="tests.test_zyra_iteration2" name="test_tailor_availability_toggle" time="0.269" /><testcase classname="tests.test_zyra_iteration2" name="test_pricing_edit_reflected" time="0.145" /></testsuite></testsuites>