<?xml version="1.0" encoding="utf-8"?><testsuites name="pytest tests"><testsuite name="pytest" errors="0" failures="1" skipped="0" tests="16" time="2.612" timestamp="2026-08-15T09:04:14.210461+00:00" hostname="agent-env-bc6cae46-7e2a-47d4-8236-cd351253ea83"><testcase classname="tests.test_zyra_backend" name="test_create_lead_each_type[waitlist]" time="0.172" /><testcase classname="tests.test_zyra_backend" name="test_create_lead_each_type[merchant]" time="0.037" /><testcase classname="tests.test_zyra_backend" name="test_create_lead_each_type[investor]" time="0.034" /><testcase classname="tests.test_zyra_backend" name="test_create_lead_each_type[contact]" time="0.036" /><testcase classname="tests.test_zyra_backend" name="test_lead_invalid_email" time="0.038" /><testcase classname="tests.test_zyra_backend" name="test_lead_missing_name" time="0.036" /><testcase classname="tests.test_zyra_backend" name="test_lead_invalid_type" time="0.074" /><testcase classname="tests.test_zyra_backend" name="test_login_wrong_password" time="0.310" /><testcase classname="tests.test_zyra_backend" name="test_login_success" time="0.298" /><testcase classname="tests.test_zyra_backend" name="test_lockout_after_5_failures" time="0.374"><failure message="AssertionError: Expected 429 got 401: {&quot;detail&quot;:&quot;Invalid email or password&quot;}&#10;assert 401 == 429&#10; +  where 401 = &lt;Response [401]&gt;.status_code">backend/tests/test_zyra_backend.py:91: in test_lockout_after_5_failures
    assert r.status_code == 429, f"Expected 429 got {r.status_code}: {r.text}"
E   AssertionError: Expected 429 got 401: {"detail":"Invalid email or password"}
E   assert 401 == 429
E    +  where 401 = &lt;Response [401]&gt;.status_code</failure></testcase><testcase classname="tests.test_zyra_backend" name="test_admin_leads_requires_auth" time="0.110" /><testcase classname="tests.test_zyra_backend" name="test_admin_stats_requires_auth" time="0.114" /><testcase classname="tests.test_zyra_backend" name="test_admin_leads_with_token" time="0.098" /><testcase classname="tests.test_zyra_backend" name="test_admin_stats_with_token" time="0.091" /><testcase classname="tests.test_zyra_backend" name="test_admin_patch_updates_status" time="0.155" /><testcase classname="tests.test_zyra_backend" name="test_admin_patch_requires_auth" time="0.090" /></testsuite></testsuites>